[2026-03-17 12:00:14.422] [info] Using configuration file /home/user/.config/waybar/config
[2026-03-17 12:00:14.427] [info] Discovered appearance 'dark'
[2026-03-17 12:00:14.495] [info] Using CSS file /home/user/.config/waybar/style.css
[2026-03-17 12:00:14.502] [info] Hyprland IPC starting
[2026-03-17 12:00:14.503] [info] Loading persistent workspaces from Hyprland workspace rules
Discharging
[2026-03-17 12:00:14.700] [warning] Requested height: 32 is less than the minimum height: 36 required by the modules
[2026-03-17 12:00:14.700] [info] Bar configured (width: 1900, height: 36) for output: eDP-1

** (waybar:98158): WARNING **: 12:00:14.875: Status Notifier Item with bus name ':1.21' and object path '/org/ayatana/NotificationItem/nm_applet' is already registered
[2026-03-17 12:00:55.284] [info] Using configuration file /home/user/.config/waybar/config
[2026-03-17 12:00:55.289] [info] Discovered appearance 'dark'
[2026-03-17 12:00:55.376] [info] Using CSS file /home/user/.config/waybar/style.css
[2026-03-17 12:00:55.384] [info] Hyprland IPC starting
[2026-03-17 12:00:55.386] [info] Loading persistent workspaces from Hyprland workspace rules
Discharging
[2026-03-17 12:00:55.593] [warning] Requested height: 32 is less than the minimum height: 36 required by the modules
[2026-03-17 12:00:55.593] [info] Bar configured (width: 1900, height: 36) for output: eDP-1

** (waybar:98310): WARNING **: 12:00:55.629: Status Notifier Item with bus name ':1.21' and object path '/org/ayatana/NotificationItem/nm_applet' is already registered
Discharging
Discharging
Discharging
Discharging
Discharging
Discharging
Discharging
Discharging
Discharging
Discharging
Discharging
Discharging
Discharging
Discharging
Discharging
Discharging
Discharging
Discharging
Discharging
Discharging
Discharging
Discharging
Discharging
Discharging
Discharging
Discharging
Discharging
Discharging
Discharging
Discharging
Discharging
Discharging
Discharging
Discharging
Discharging
Discharging
Discharging
Discharging
Discharging
Discharging
Discharging
Discharging
Discharging
Discharging
Discharging
Discharging
Discharging
Discharging
Discharging
Discharging
Discharging
Discharging
Discharging
Discharging
Discharging
Discharging
[2026-03-17 12:02:47.449] [warning] [wireplumber]: (onMixerChanged: Audio/Sink) - Object with id 67 not found
[2026-03-17 12:02:47.451] [warning] [wireplumber]: (onMixerChanged: Audio/Sink) - Object with id 67 not found
[2026-03-17 12:02:47.466] [warning] [wireplumber]: (onMixerChanged: Audio/Sink) - Object with id 67 not found
Discharging
Discharging
Discharging
Discharging
Discharging
Discharging
Discharging
Discharging
Discharging
Discharging
Discharging
Discharging
Discharging
Discharging
Discharging
Discharging
Discharging
Discharging
Discharging
Discharging
Discharging
Discharging
Discharging
Discharging
Discharging
Discharging
Discharging
Discharging
Discharging
Discharging
Discharging
Discharging
Discharging
Discharging
Discharging
[2026-03-17 12:03:57.924] [warning] [wireplumber]: (onMixerChanged: Audio/Sink) - Object with id 67 not found
[2026-03-17 12:03:57.935] [warning] [wireplumber]: (onMixerChanged: Audio/Sink) - Object with id 67 not found
[2026-03-17 12:03:57.941] [warning] [wireplumber]: (onMixerChanged: Audio/Sink) - Object with id 67 not found
Discharging
Discharging
Discharging
Discharging
Discharging
Discharging
Discharging
Discharging
Discharging
Discharging
Discharging
Discharging
Discharging
Discharging
Discharging
Discharging
Discharging
Discharging
Discharging
Discharging
Discharging
Discharging
Discharging
Discharging
Discharging
Discharging
Discharging
Discharging
Discharging
Discharging
Discharging
Discharging
Discharging
Discharging
Discharging
Discharging
Discharging
Discharging
Discharging
Discharging
Discharging
Discharging
Discharging
Discharging
Discharging
Discharging
Discharging
Discharging
Discharging
Discharging
Discharging
Discharging
Discharging
Discharging
Discharging
Discharging
Discharging
Discharging
Discharging
Discharging
Discharging
Discharging
Discharging
Discharging
Discharging
Discharging
Discharging
Discharging
Discharging
Discharging
Discharging
Discharging
Discharging
Discharging
Discharging
Discharging
Discharging
Discharging
Discharging
Discharging
Discharging
Discharging
Discharging
Discharging
Discharging
Discharging
Discharging
Discharging
Discharging
Discharging
Discharging
Discharging
Discharging
Discharging
Discharging
Discharging
Discharging
Discharging
Discharging
Discharging
Discharging
Discharging
Discharging
Discharging
Discharging
Discharging
Discharging
Discharging
Discharging
Discharging
Discharging
Discharging
Discharging
Discharging
Discharging
Discharging
Discharging
Discharging
Discharging
Discharging
Discharging
Discharging
Discharging
Discharging
Discharging
Discharging
Discharging
Discharging
Discharging
Discharging
Discharging
Discharging
Discharging
Discharging
Discharging
Discharging
Discharging
Discharging
Discharging
Discharging
Discharging
Discharging
Discharging
Discharging
Discharging
Discharging
Discharging
Discharging
Discharging
Discharging
Discharging
Discharging
Discharging
Discharging
Discharging
Discharging
Discharging
Discharging
Discharging
Discharging
Discharging
Discharging
Discharging
Discharging
Discharging
Discharging
Discharging
Discharging
Discharging
Discharging
Discharging
Discharging
Discharging
Discharging
Discharging
Discharging
Discharging
Discharging
Discharging
Discharging
Discharging
Discharging
Discharging
Discharging
Discharging
Discharging
Discharging
Discharging
Discharging
Discharging
Discharging
Discharging
Discharging
Discharging
Discharging
Discharging
Discharging
Discharging
Discharging
Discharging
Discharging
Discharging
Discharging
Discharging
Discharging
Discharging
Discharging
Discharging
Discharging
Discharging
Discharging
Discharging
Discharging
Discharging
Discharging
Discharging
Discharging
Discharging
Discharging
Discharging
Discharging
Discharging
Discharging
Discharging
Discharging
Discharging
Discharging
Discharging
Discharging
Discharging
Discharging
Discharging
Discharging
Discharging
Discharging
Discharging
Discharging
Discharging
Discharging
Discharging
Discharging
Discharging
Discharging
Discharging
Discharging
Discharging
Discharging
Discharging
Discharging
Discharging
Discharging
Discharging
Discharging
Discharging
Discharging
Discharging
Discharging
Discharging
Discharging
Discharging
Discharging
Discharging
Discharging
Discharging
Discharging
Discharging
Discharging
Discharging
Discharging
Discharging
Discharging
Discharging
Discharging
Discharging
Discharging
Discharging
Discharging
Discharging
Discharging
Discharging
Discharging
Discharging
Discharging
Discharging
Discharging
Discharging
Discharging
Discharging
Discharging
Discharging
Discharging
Discharging
Discharging
Discharging
Discharging
Discharging
Discharging
Discharging
Discharging
Discharging
Discharging
Discharging
Discharging
Discharging
Discharging
Discharging
Discharging
Discharging
Discharging
Discharging
Discharging
Discharging
Discharging
Discharging
Discharging
Discharging
Discharging
Discharging
Discharging
Discharging
Discharging
Discharging
Discharging
Discharging
Discharging
Discharging
Discharging
Discharging
Discharging
Discharging
Discharging
Discharging
Discharging
Discharging
Discharging
Discharging
Discharging
Discharging
Discharging
Discharging
Discharging
Discharging
Discharging
Discharging
Discharging
Discharging
Discharging
Discharging
Discharging
Discharging
Discharging
Discharging
Discharging
Discharging
Discharging
Discharging
Discharging
Discharging
Discharging
Discharging
Discharging
Discharging
Discharging
Discharging
Discharging
Discharging
Discharging
Discharging
Discharging
Discharging
Discharging
Discharging
Discharging
Discharging
Discharging
Discharging
Discharging
Discharging
Discharging
Discharging
Discharging
Discharging
Discharging
Discharging
[2026-03-17 12:16:46.030] [warning] [wireplumber]: (onMixerChanged: Audio/Sink) - Object with id 65 not found
[2026-03-17 12:16:46.034] [warning] [wireplumber]: (onMixerChanged: Audio/Sink) - Object with id 65 not found
[2026-03-17 12:16:46.115] [warning] [wireplumber]: (onMixerChanged: Audio/Sink) - Object with id 65 not found
Discharging
Discharging
Discharging
[2026-03-17 12:16:53.298] [warning] [wireplumber]: (onMixerChanged: Audio/Sink) - Object with id 65 not found
[2026-03-17 12:16:53.312] [warning] [wireplumber]: (onMixerChanged: Audio/Sink) - Object with id 65 not found
[2026-03-17 12:16:53.327] [warning] [wireplumber]: (onMixerChanged: Audio/Sink) - Object with id 65 not found
Discharging
Discharging
Discharging
Discharging
Discharging
Discharging
Discharging
Discharging
[2026-03-17 12:17:08.919] [warning] [wireplumber]: (onMixerChanged: Audio/Sink) - Object with id 77 not found
[2026-03-17 12:17:08.925] [warning] [wireplumber]: (onMixerChanged: Audio/Sink) - Object with id 77 not found
[2026-03-17 12:17:08.933] [warning] [wireplumber]: (onMixerChanged: Audio/Sink) - Object with id 77 not found
Discharging
Discharging
Discharging
Discharging
Discharging
Discharging
Discharging
Discharging
Discharging
Discharging
Discharging
Discharging
Discharging
Discharging
Discharging
Discharging
Discharging
Discharging
Discharging
Discharging
Discharging
Discharging
Discharging
Discharging
Discharging
Discharging
Discharging
Discharging
Discharging
Discharging
Discharging
Discharging
Discharging
Discharging
Discharging
Discharging
Discharging
Discharging
[2026-03-17 12:18:23.736] [warning] [wireplumber]: (onMixerChanged: Audio/Sink) - Object with id 77 not found
[2026-03-17 12:18:23.747] [warning] [wireplumber]: (onMixerChanged: Audio/Sink) - Object with id 77 not found
[2026-03-17 12:18:23.750] [warning] [wireplumber]: (onMixerChanged: Audio/Sink) - Object with id 77 not found
Discharging
Discharging
Discharging
[2026-03-17 12:18:30.114] [warning] [wireplumber]: (onMixerChanged: Audio/Sink) - Object with id 77 not found
[2026-03-17 12:18:30.118] [warning] [wireplumber]: (onMixerChanged: Audio/Sink) - Object with id 77 not found
[2026-03-17 12:18:30.133] [warning] [wireplumber]: (onMixerChanged: Audio/Sink) - Object with id 77 not found
ping: wttr.in: Temporary failure in name resolution
Gdk-Message: 12:23:03.441: Error reading events from display: Connection reset by peer
